Arguments: 
  C:\Program Files\nodejs\node.exe C:\Program Files\nodejs\node_modules\yarn\bin\yarn.js install

PATH: 
  C:\Program Files\NVIDIA GPU Computing Toolkit\CUDA\v11.3\bin;C:\Program Files\NVIDIA GPU Computing Toolkit\CUDA\v11.3\libnvvp;C:\Program Files\Oculus\Support\oculus-runtime;C:\windows\system32;C:\windows;C:\windows\System32\Wbem;C:\windows\System32\WindowsPowerShell\v1.0\;C:\windows\System32\OpenSSH\;C:\WINDOWS\system32;C:\WINDOWS;C:\WINDOWS\System32\Wbem;C:\WINDOWS\System32\WindowsPowerShell\v1.0\;C:\WINDOWS\System32\OpenSSH\;C:\Program Files (x86)\NVIDIA Corporation\PhysX\Common;C:\Program Files\NVIDIA Corporation\NVIDIA NvDLISR;C:\Users\mina2\AppData\Roaming\nvm;C:\Program Files\nodejs;C:\Program Files\Git\cmd;C:\Program Files\dotnet\;C:\Program Files\NVIDIA Corporation\Nsight Compute 2021.1.0\;C:\Program Files\Airshipper\;C:\Users\mina2\Downloads\openlogic-openjdk-8u262-b10-windows-x64\openlogic-openjdk-8u262-b10-win-64\bin;C:\Program Files\CMake\bin;C:\Program Files\Docker\Docker\resources\bin;C:\Users\mina2\AppData\Local\Programs\Python\Python310\Scripts\;C:\Users\mina2\AppData\Local\Programs\Python\Python310\;C:\Users\mina2\AppData\Local\Microsoft\WindowsApps;C:\Users\mina2\AppData\Local\Programs\Microsoft VS Code\bin;C:\Users\mina2\AppData\Roaming\nvm;C:\Program Files\nodejs;C:\Program Files\heroku\bin;C:\Users\mina2\.dotnet\tools;C:\Program Files\JetBrains\PyCharm Community Edition 2022.2.1\bin;;C:\FFmpeg\bin;

Yarn version: 
  1.22.19

Node version: 
  18.6.0

Platform: 
  win32 x64

Trace: 
  Error: https://registry.yarnpkg.com/pupeteer-core: Not found
      at params.callback [as _callback] (C:\Users\mina2\AppData\Roaming\nvm\v18.6.0\node_modules\yarn\lib\cli.js:66145:18)
      at self.callback (C:\Users\mina2\AppData\Roaming\nvm\v18.6.0\node_modules\yarn\lib\cli.js:140890:22)
      at Request.emit (node:events:513:28)
      at Request.<anonymous> (C:\Users\mina2\AppData\Roaming\nvm\v18.6.0\node_modules\yarn\lib\cli.js:141862:10)
      at Request.emit (node:events:513:28)
      at IncomingMessage.<anonymous> (C:\Users\mina2\AppData\Roaming\nvm\v18.6.0\node_modules\yarn\lib\cli.js:141784:12)
      at Object.onceWrapper (node:events:627:28)
      at IncomingMessage.emit (node:events:525:35)
      at endReadableNT (node:internal/streams/readable:1359:12)
      at process.processTicksAndRejections (node:internal/process/task_queues:82:21)

npm manifest: 
  {
    "engines": {
      "npm": ">=8.0.0 <12.0.0",
      "node": ">=16.9.0 <19.0.0"
    },
    "dependencies": {
      "chrome-aws-lambda": ">=10.1.0",
      "chromedriver": "^112.0.0",
      "discord.js": "^14.9.0",
      "dotenv": "^16.0.3",
      "node_characterai": "^1.1.3",
      "node-fetch": "^3.3.1",
      "pupeteer-core": "^10.1.0",
      "selenium": "^2.20.0",
      "selenium-webdriver": "^4.8.2"
    },
    "scripts": {
      "start": "node main.js"
    }
  }

yarn manifest: 
  No manifest

Lockfile: 
  No lockfile
